<?xml version="1.0" encoding="UTF-8" ?>
<testsuites>
<testsuite name="node-zoho" errors="0" tests="0" failures="0" time="0" timestamp="2014-01-13T15:40:46">
</testsuite>
<testsuite name="node-zoho.constructor" errors="0" tests="1" failures="0" time="0.004" timestamp="2014-01-13T15:40:46">
  <testcase classname="node-zoho.constructor" name="exists" time="0.003"></testcase>
</testsuite>
<testsuite name="node-zoho.instance" errors="0" tests="0" failures="0" time="0" timestamp="2014-01-13T15:40:46">
</testsuite>
<testsuite name="node-zoho.instance.has a public method" errors="0" tests="0" failures="0" time="0" timestamp="2014-01-13T15:40:46">
</testsuite>
<testsuite name="node-zoho.instance.has a public method.generateAuthToken" errors="0" tests="1" failures="0" time="0.013" timestamp="2014-01-13T15:40:46">
  <testcase classname="node-zoho.instance.has a public method.generateAuthToken" name="makes a call to help.request with proper data" time="0.013"></testcase>
</testsuite>
<testsuite name="node-zoho.instance.has a public method.insertRecord" errors="0" tests="4" failures="0" time="0.046" timestamp="2014-01-13T15:40:46">
  <testcase classname="node-zoho.instance.has a public method.insertRecord" name="builds an object to convert to xml" time="0.012"></testcase>
  <testcase classname="node-zoho.instance.has a public method.insertRecord" name="builds the xmlString" time="0.011"></testcase>
  <testcase classname="node-zoho.instance.has a public method.insertRecord" name="builds the url for the request" time="0.011"></testcase>
  <testcase classname="node-zoho.instance.has a public method.insertRecord" name="sends the request" time="0.012"></testcase>
</testsuite>
</testsuites>